\BOOKMARK [1][-]{section.1}{Overview}{}% 1
\BOOKMARK [2][-]{subsection.1.1}{Background}{section.1}% 2
\BOOKMARK [2][-]{subsection.1.2}{Program Description}{section.1}% 3
\BOOKMARK [2][-]{subsection.1.3}{Outcomes}{section.1}% 4
\BOOKMARK [1][-]{section.2}{Key Design Decisions}{}% 5
\BOOKMARK [2][-]{subsection.2.1}{Supervisors published the design of the stress test and its results at a very detailed level.}{section.2}% 6
\BOOKMARK [2][-]{subsection.2.2}{The Fed helped increase credibility of the test by considering two different macroeconomic scenarios, with the ``more adverse'' scenario projecting more severe loss estimates than many market analysts.}{section.2}% 7
\BOOKMARK [2][-]{subsection.2.3}{The stress test was based on targets for the amount of Tier 1 capital firms should hold.}{section.2}% 8
\BOOKMARK [2][-]{subsection.2.4}{The Fed applied ``other than temporary impairment'' charges to securities that a bank was likely to sell or be forced to sell.}{section.2}% 9
\BOOKMARK [2][-]{subsection.2.5}{Q1 2009 revenues were included in the stress test calculation.}{section.2}% 10
\BOOKMARK [2][-]{subsection.2.6}{BHCs with capital shortfalls revealed by the SCAP would ultimately have access to U.S. Treasury funds if the firm was unable to raise private capital.}{section.2}% 11
\BOOKMARK [2][-]{subsection.2.7}{Regulators conducted the stress test on BHCs with more than \044100 billion in assets on a consolidated basis.}{section.2}% 12
\BOOKMARK [1][-]{section.3}{Evaluation}{}% 13
\BOOKMARK [1][-]{section*.5}{4. References}{}% 14
\BOOKMARK [1][-]{section.4}{Appendix A - List of Resources}{}% 15
\BOOKMARK [2][-]{subsection.4.1}{Summary of Program}{section.4}% 16
\BOOKMARK [2][-]{subsection.4.2}{Implementation Documents}{section.4}% 17
\BOOKMARK [2][-]{subsection.4.3}{Legal/Regulatory Guidance}{section.4}% 18
\BOOKMARK [2][-]{subsection.4.4}{Press Releases/Announcements}{section.4}% 19
\BOOKMARK [2][-]{subsection.4.5}{Media Stories}{section.4}% 20
\BOOKMARK [2][-]{subsection.4.6}{Key Academic Papers}{section.4}% 21
\BOOKMARK [2][-]{subsection.4.7}{Government Reports/Assessments}{section.4}% 22
\BOOKMARK [1][-]{section.5}{Appendix B - Road Map}{}% 23
\BOOKMARK [2][-]{subsection.5.1}{Key Questions}{section.5}% 24
\BOOKMARK [2][-]{subsection.5.2}{Implementation Steps}{section.5}% 25
\BOOKMARK [1][-]{section.6}{Interview Questions}{}% 26
