This is pdfTeX, Version 3.14159265-2.6-1.40.16 (TeX Live 2015) (preloaded format=pdflatex 2015.5.24)  21 DEC 2015 19:35
entering extended mode
 restricted \write18 enabled.
 %&-line parsing enabled.
**SCAP_v2.tex
(./SCAP_v2.tex
LaTeX2e <2015/01/01>
Babel <3.9l> and hyphenation patterns for 79 languages loaded.
(/usr/local/texlive/2015/texmf-dist/tex/latex/base/article.cls
Document Class: article 2014/09/29 v1.4h Standard LaTeX document class
(/usr/local/texlive/2015/texmf-dist/tex/latex/base/size12.clo
File: size12.clo 2014/09/29 v1.4h Standard LaTeX file (size option)
)
\c@part=\count79
\c@section=\count80
\c@subsection=\count81
\c@subsubsection=\count82
\c@paragraph=\count83
\c@subparagraph=\count84
\c@figure=\count85
\c@table=\count86
\abovecaptionskip=\skip41
\belowcaptionskip=\skip42
\bibindent=\dimen102
)
(/usr/local/texlive/2015/texmf-dist/tex/latex/tools/longtable.sty
Package: longtable 2014/10/28 v4.11 Multi-page Table package (DPC)
\LTleft=\skip43
\LTright=\skip44
\LTpre=\skip45
\LTpost=\skip46
\LTchunksize=\count87
\LTcapwidth=\dimen103
\LT@head=\box26
\LT@firsthead=\box27
\LT@foot=\box28
\LT@lastfoot=\box29
\LT@cols=\count88
\LT@rows=\count89
\c@LT@tables=\count90
\c@LT@chunks=\count91
\LT@p@ftn=\toks14
)
(/usr/local/texlive/2015/texmf-dist/tex/latex/natbib/natbib.sty
Package: natbib 2010/09/13 8.31b (PWD, AO)
\bibhang=\skip47
\bibsep=\skip48
LaTeX Info: Redefining \cite on input line 694.
\c@NAT@ctr=\count92
)
(/usr/local/texlive/2015/texmf-dist/tex/latex/booktabs/booktabs.sty
Package: booktabs 2005/04/14 v1.61803 publication quality tables
\heavyrulewidth=\dimen104
\lightrulewidth=\dimen105
\cmidrulewidth=\dimen106
\belowrulesep=\dimen107
\belowbottomsep=\dimen108
\aboverulesep=\dimen109
\abovetopsep=\dimen110
\cmidrulesep=\dimen111
\cmidrulekern=\dimen112
\defaultaddspace=\dimen113
\@cmidla=\count93
\@cmidlb=\count94
\@aboverulesep=\dimen114
\@belowrulesep=\dimen115
\@thisruleclass=\count95
\@lastruleclass=\count96
\@thisrulewidth=\dimen116
)
(/usr/local/texlive/2015/texmf-dist/tex/latex/amsfonts/amssymb.sty
Package: amssymb 2013/01/14 v3.01 AMS font symbols

(/usr/local/texlive/2015/texmf-dist/tex/latex/amsfonts/amsfonts.sty
Package: amsfonts 2013/01/14 v3.01 Basic AMSFonts support
\@emptytoks=\toks15
\symAMSa=\mathgroup4
\symAMSb=\mathgroup5
LaTeX Font Info:    Overwriting math alphabet `\mathfrak' in version `bold'
(Font)                  U/euf/m/n --> U/euf/b/n on input line 106.
))
(/usr/local/texlive/2015/texmf-dist/tex/latex/amsmath/amsmath.sty
Package: amsmath 2013/01/14 v2.14 AMS math features
\@mathmargin=\skip49

For additional information on amsmath, use the `?' option.
(/usr/local/texlive/2015/texmf-dist/tex/latex/amsmath/amstext.sty
Package: amstext 2000/06/29 v2.01

(/usr/local/texlive/2015/texmf-dist/tex/latex/amsmath/amsgen.sty
File: amsgen.sty 1999/11/30 v2.0
\@emptytoks=\toks16
\ex@=\dimen117
))
(/usr/local/texlive/2015/texmf-dist/tex/latex/amsmath/amsbsy.sty
Package: amsbsy 1999/11/29 v1.2d
\pmbraise@=\dimen118
)
(/usr/local/texlive/2015/texmf-dist/tex/latex/amsmath/amsopn.sty
Package: amsopn 1999/12/14 v2.01 operator names
)
\inf@bad=\count97
LaTeX Info: Redefining \frac on input line 210.
\uproot@=\count98
\leftroot@=\count99
LaTeX Info: Redefining \overline on input line 306.
\classnum@=\count100
\DOTSCASE@=\count101
LaTeX Info: Redefining \ldots on input line 378.
LaTeX Info: Redefining \dots on input line 381.
LaTeX Info: Redefining \cdots on input line 466.
\Mathstrutbox@=\box30
\strutbox@=\box31
\big@size=\dimen119
LaTeX Font Info:    Redeclaring font encoding OML on input line 566.
LaTeX Font Info:    Redeclaring font encoding OMS on input line 567.
\macc@depth=\count102
\c@MaxMatrixCols=\count103
\dotsspace@=\muskip10
\c@parentequation=\count104
\dspbrk@lvl=\count105
\tag@help=\toks17
\row@=\count106
\column@=\count107
\maxfields@=\count108
\andhelp@=\toks18
\eqnshift@=\dimen120
\alignsep@=\dimen121
\tagshift@=\dimen122
\tagwidth@=\dimen123
\totwidth@=\dimen124
\lineht@=\dimen125
\@envbody=\toks19
\multlinegap=\skip50
\multlinetaggap=\skip51
\mathdisplay@stack=\toks20
LaTeX Info: Redefining \[ on input line 2665.
LaTeX Info: Redefining \] on input line 2666.
)
(/usr/local/texlive/2015/texmf-dist/tex/latex/outlines/outlines.sty
Package: outlines 2012/1/23 1.1 Ch. Pecheur

(/usr/local/texlive/2015/texmf-dist/tex/latex/base/ifthen.sty
Package: ifthen 2014/09/29 v1.1c Standard LaTeX ifthen package (DPC)
))
(/usr/local/texlive/2015/texmf-dist/tex/latex/fancyhdr/fancyhdr.sty
\fancy@headwidth=\skip52
\f@ncyO@elh=\skip53
\f@ncyO@erh=\skip54
\f@ncyO@olh=\skip55
\f@ncyO@orh=\skip56
\f@ncyO@elf=\skip57
\f@ncyO@erf=\skip58
\f@ncyO@olf=\skip59
\f@ncyO@orf=\skip60
)
(/usr/local/texlive/2015/texmf-dist/tex/latex/lineno/lineno.sty
Package: lineno 2005/11/02 line numbers on paragraphs v4.41
\linenopenalty=\count109
\output=\toks21
\linenoprevgraf=\count110
\linenumbersep=\dimen126
\linenumberwidth=\dimen127
\c@linenumber=\count111
\c@pagewiselinenumber=\count112
\c@LN@truepage=\count113
\c@internallinenumber=\count114
\c@internallinenumbers=\count115
\quotelinenumbersep=\dimen128
\bframerule=\dimen129
\bframesep=\dimen130
\bframebox=\box32
LaTeX Info: Redefining \\ on input line 3056.
)
(/usr/local/texlive/2015/texmf-dist/tex/latex/hyperref/hyperref.sty
Package: hyperref 2012/11/06 v6.83m Hypertext links for LaTeX

(/usr/local/texlive/2015/texmf-dist/tex/generic/oberdiek/hobsub-hyperref.sty
Package: hobsub-hyperref 2012/05/28 v1.13 Bundle oberdiek, subset hyperref (HO)


(/usr/local/texlive/2015/texmf-dist/tex/generic/oberdiek/hobsub-generic.sty
Package: hobsub-generic 2012/05/28 v1.13 Bundle oberdiek, subset generic (HO)
Package: hobsub 2012/05/28 v1.13 Construct package bundles (HO)
Package: infwarerr 2010/04/08 v1.3 Providing info/warning/error messages (HO)
Package: ltxcmds 2011/11/09 v1.22 LaTeX kernel commands for general use (HO)
Package: ifluatex 2010/03/01 v1.3 Provides the ifluatex switch (HO)
Package ifluatex Info: LuaTeX not detected.
Package: ifvtex 2010/03/01 v1.5 Detect VTeX and its facilities (HO)
Package ifvtex Info: VTeX not detected.
Package: intcalc 2007/09/27 v1.1 Expandable calculations with integers (HO)
Package: ifpdf 2011/01/30 v2.3 Provides the ifpdf switch (HO)
Package ifpdf Info: pdfTeX in PDF mode is detected.
Package: etexcmds 2011/02/16 v1.5 Avoid name clashes with e-TeX commands (HO)
Package etexcmds Info: Could not find \expanded.
(etexcmds)             That can mean that you are not using pdfTeX 1.50 or
(etexcmds)             that some package has redefined \expanded.
(etexcmds)             In the latter case, load this package earlier.
Package: kvsetkeys 2012/04/25 v1.16 Key value parser (HO)
Package: kvdefinekeys 2011/04/07 v1.3 Define keys (HO)
Package: pdftexcmds 2011/11/29 v0.20 Utility functions of pdfTeX for LuaTeX (HO
)
Package pdftexcmds Info: LuaTeX not detected.
Package pdftexcmds Info: \pdf@primitive is available.
Package pdftexcmds Info: \pdf@ifprimitive is available.
Package pdftexcmds Info: \pdfdraftmode found.
Package: pdfescape 2011/11/25 v1.13 Implements pdfTeX's escape features (HO)
Package: bigintcalc 2012/04/08 v1.3 Expandable calculations on big integers (HO
)
Package: bitset 2011/01/30 v1.1 Handle bit-vector datatype (HO)
Package: uniquecounter 2011/01/30 v1.2 Provide unlimited unique counter (HO)
)
Package hobsub Info: Skipping package `hobsub' (already loaded).
Package: letltxmacro 2010/09/02 v1.4 Let assignment for LaTeX macros (HO)
Package: hopatch 2012/05/28 v1.2 Wrapper for package hooks (HO)
Package: xcolor-patch 2011/01/30 xcolor patch
Package: atveryend 2011/06/30 v1.8 Hooks at the very end of document (HO)
Package atveryend Info: \enddocument detected (standard20110627).
Package: atbegshi 2011/10/05 v1.16 At begin shipout hook (HO)
Package: refcount 2011/10/16 v3.4 Data extraction from label references (HO)
Package: hycolor 2011/01/30 v1.7 Color options for hyperref/bookmark (HO)
)
(/usr/local/texlive/2015/texmf-dist/tex/latex/graphics/keyval.sty
Package: keyval 2014/10/28 v1.15 key=value parser (DPC)
\KV@toks@=\toks22
)
(/usr/local/texlive/2015/texmf-dist/tex/generic/ifxetex/ifxetex.sty
Package: ifxetex 2010/09/12 v0.6 Provides ifxetex conditional
)
(/usr/local/texlive/2015/texmf-dist/tex/latex/oberdiek/auxhook.sty
Package: auxhook 2011/03/04 v1.3 Hooks for auxiliary files (HO)
)
(/usr/local/texlive/2015/texmf-dist/tex/latex/oberdiek/kvoptions.sty
Package: kvoptions 2011/06/30 v3.11 Key value format for package options (HO)
)
\@linkdim=\dimen131
\Hy@linkcounter=\count116
\Hy@pagecounter=\count117

(/usr/local/texlive/2015/texmf-dist/tex/latex/hyperref/pd1enc.def
File: pd1enc.def 2012/11/06 v6.83m Hyperref: PDFDocEncoding definition (HO)
)
\Hy@SavedSpaceFactor=\count118

(/usr/local/texlive/2015/texmf-dist/tex/latex/latexconfig/hyperref.cfg
File: hyperref.cfg 2002/06/06 v1.2 hyperref configuration of TeXLive
)
Package hyperref Info: Hyper figures OFF on input line 4443.
Package hyperref Info: Link nesting OFF on input line 4448.
Package hyperref Info: Hyper index ON on input line 4451.
Package hyperref Info: Plain pages OFF on input line 4458.
Package hyperref Info: Backreferencing OFF on input line 4463.
Package hyperref Info: Implicit mode ON; LaTeX internals redefined.
Package hyperref Info: Bookmarks ON on input line 4688.
\c@Hy@tempcnt=\count119

(/usr/local/texlive/2015/texmf-dist/tex/latex/url/url.sty
\Urlmuskip=\muskip11
Package: url 2013/09/16  ver 3.4  Verb mode for urls, etc.
)
LaTeX Info: Redefining \url on input line 5041.
\XeTeXLinkMargin=\dimen132
\Fld@menulength=\count120
\Field@Width=\dimen133
\Fld@charsize=\dimen134
Package hyperref Info: Hyper figures OFF on input line 6295.
Package hyperref Info: Link nesting OFF on input line 6300.
Package hyperref Info: Hyper index ON on input line 6303.
Package hyperref Info: backreferencing OFF on input line 6310.
Package hyperref Info: Link coloring OFF on input line 6315.
Package hyperref Info: Link coloring with OCG OFF on input line 6320.
Package hyperref Info: PDF/A mode OFF on input line 6325.
LaTeX Info: Redefining \ref on input line 6365.
LaTeX Info: Redefining \pageref on input line 6369.
\Hy@abspage=\count121
\c@Item=\count122
\c@Hfootnote=\count123
)

Package hyperref Message: Driver (autodetected): hpdftex.

(/usr/local/texlive/2015/texmf-dist/tex/latex/hyperref/hpdftex.def
File: hpdftex.def 2012/11/06 v6.83m Hyperref driver for pdfTeX
\Fld@listcount=\count124
\c@bookmark@seq@number=\count125

(/usr/local/texlive/2015/texmf-dist/tex/latex/oberdiek/rerunfilecheck.sty
Package: rerunfilecheck 2011/04/15 v1.7 Rerun checks for auxiliary files (HO)
Package uniquecounter Info: New unique counter `rerunfilecheck' on input line 2
82.
)
\Hy@SectionHShift=\skip61
)
(/usr/local/texlive/2015/texmf-dist/tex/latex/caption/caption.sty
Package: caption 2013/05/02 v3.3-89 Customizing captions (AR)

(/usr/local/texlive/2015/texmf-dist/tex/latex/caption/caption3.sty
Package: caption3 2013/05/02 v1.6-88 caption3 kernel (AR)
Package caption3 Info: TeX engine: e-TeX on input line 57.
\captionmargin=\dimen135
\captionmargin@=\dimen136
\captionwidth=\dimen137
\caption@tempdima=\dimen138
\caption@indent=\dimen139
\caption@parindent=\dimen140
\caption@hangindent=\dimen141
)
\c@ContinuedFloat=\count126
Package caption Info: hyperref package is loaded.
Package caption Info: longtable package is loaded.

(/usr/local/texlive/2015/texmf-dist/tex/latex/caption/ltcaption.sty
Package: ltcaption 2013/02/03 v1.3-62 longtable captions (AR)
))
(/usr/local/texlive/2015/texmf-dist/tex/latex/enumitem/enumitem.sty
Package: enumitem 2011/09/28 v3.5.2 Customized lists
\labelindent=\skip62
\enit@outerparindent=\dimen142
\enit@toks=\toks23
\enit@inbox=\box33
\enitdp@description=\count127
)
(/usr/local/texlive/2015/texmf-dist/tex/latex/filecontents/filecontents.sty
Package: filecontents 2011/10/08 v1.3 Create an external file from within a LaT
eX document
)

LaTeX Warning: Overwriting file `./SCAP_v2.bib'.

\openout15 = `SCAP_v2.bib'.


LaTeX Warning: Tab has been converted to Blank Space.


(./SCAP_v2.aux)
\openout1 = `SCAP_v2.aux'.

LaTeX Font Info:    Checking defaults for OML/cmm/m/it on input line 159.
LaTeX Font Info:    ... okay on input line 159.
LaTeX Font Info:    Checking defaults for T1/cmr/m/n on input line 159.
LaTeX Font Info:    ... okay on input line 159.
LaTeX Font Info:    Checking defaults for OT1/cmr/m/n on input line 159.
LaTeX Font Info:    ... okay on input line 159.
LaTeX Font Info:    Checking defaults for OMS/cmsy/m/n on input line 159.
LaTeX Font Info:    ... okay on input line 159.
LaTeX Font Info:    Checking defaults for OMX/cmex/m/n on input line 159.
LaTeX Font Info:    ... okay on input line 159.
LaTeX Font Info:    Checking defaults for U/cmr/m/n on input line 159.
LaTeX Font Info:    ... okay on input line 159.
LaTeX Font Info:    Checking defaults for PD1/pdf/m/n on input line 159.
LaTeX Font Info:    ... okay on input line 159.
\AtBeginShipoutBox=\box34
Package hyperref Info: Link coloring OFF on input line 159.

(/usr/local/texlive/2015/texmf-dist/tex/latex/hyperref/nameref.sty
Package: nameref 2012/10/27 v2.43 Cross-referencing by name of section

(/usr/local/texlive/2015/texmf-dist/tex/generic/oberdiek/gettitlestring.sty
Package: gettitlestring 2010/12/03 v1.4 Cleanup title references (HO)
)
\c@section@level=\count128
)
LaTeX Info: Redefining \ref on input line 159.
LaTeX Info: Redefining \pageref on input line 159.
LaTeX Info: Redefining \nameref on input line 159.

(./SCAP_v2.out) (./SCAP_v2.out)
\@outlinefile=\write3
\openout3 = `SCAP_v2.out'.

Package caption Info: Begin \AtBeginDocument code.
Package caption Info: End \AtBeginDocument code.
LaTeX Font Info:    Try loading font information for U+msa on input line 178.

(/usr/local/texlive/2015/texmf-dist/tex/latex/amsfonts/umsa.fd
File: umsa.fd 2013/01/14 v3.01 AMS symbols A
)
LaTeX Font Info:    Try loading font information for U+msb on input line 178.

(/usr/local/texlive/2015/texmf-dist/tex/latex/amsfonts/umsb.fd
File: umsb.fd 2013/01/14 v3.01 AMS symbols B
)
LaTeX Font Info:    Try loading font information for OMS+cmr on input line 178.


(/usr/local/texlive/2015/texmf-dist/tex/latex/base/omscmr.fd
File: omscmr.fd 2014/09/29 v2.5h Standard LaTeX font definitions
)
LaTeX Font Info:    Font shape `OMS/cmr/m/n' in size <10> not available
(Font)              Font shape `OMS/cmsy/m/n' tried instead on input line 178.
LaTeX Font Info:    Font shape `OMS/cmr/m/n' in size <7> not available
(Font)              Font shape `OMS/cmsy/m/n' tried instead on input line 178.

Underfull \hbox (badness 10000) in paragraph at lines 183--204

 []

[1

{/usr/local/texlive/2015/texmf-var/fonts/map/pdftex/updmap/pdftex.map}]
(./SCAP_v2.toc

Package Fancyhdr Warning: \headheight is too small (12.0pt): 
 Make it at least 14.49998pt.
 We now make it that large for the rest of the document.
 This may cause the page layout to be inconsistent, however.

[2])
\tf@toc=\write4
\openout4 = `SCAP_v2.toc'.

 [3] [4] [5] [6] [7] [8]
Overfull \hbox (47.92722pt too wide) in alignment at lines 407--412
[] [] [] [] 
 []


Overfull \hbox (47.92722pt too wide) in alignment at lines 412--436
[] [] [] [] 
 []


Overfull \hbox (47.92722pt too wide) in alignment at lines 436--448
[] [] [] [] 
 []

[9] [10] [11] [12]
Overfull \hbox (4.2084pt too wide) in paragraph at lines 611--618
\OT1/cmr/m/n/12 ``[c]apital ac-tions in-clude com-pleted or con-tracted trans-a
c-tions since Q4 2008.'' 
 []

[13]
Overfull \hbox (6.27623pt too wide) in paragraph at lines 622--622
\OT1/cmr/bx/n/14.4 would ul-ti-mately have ac-cess to U.S. Trea-sury funds
 []

[14] (./SCAP_v2.bbl [15]
Underfull \hbox (badness 10000) in paragraph at lines 64--69
\OT1/cmtt/m/n/12 news / Documents / TARP % 20Two % 20Year % 20Retrospective _ 1
0 % 2005 %
 []


Underfull \hbox (badness 1077) in paragraph at lines 71--76
[]\OT1/cmr/m/n/12 U.S. Trea-sury.  Term Sheet for Cap-i-tal As-sis-tance Pro-gr
am.  2009.
 []


Underfull \hbox (badness 10000) in paragraph at lines 71--76
\OT1/cmr/m/n/12 URL []$\OT1/cmtt/m/n/12 http : / / www . treasury . gov / press
-[]center / press-[]releases /
 []

)
LaTeX Font Info:    Font shape `OMS/cmr/m/n' in size <12> not available
(Font)              Font shape `OMS/cmsy/m/n' tried instead on input line 742.

Overfull \hbox (22.22488pt too wide) in paragraph at lines 743--747
\OT1/cmtt/m/n/12 www . federalreserve . gov / newsevents / press / bcreg / bcre
g20090225a1 .
 []

[16]
Overfull \hbox (22.22488pt too wide) in paragraph at lines 747--751
\OT1/cmtt/m/n/12 www . federalreserve . gov / newsevents / press / bcreg / bcre
g20090507a1 .
 []


Overfull \hbox (79.79991pt too wide) in paragraph at lines 753--756
\OT1/cmtt/m/n/12 initiatives / financial-[]stability / TARP-[]Programs / bank-[
]investment-[]programs /
 []


Overfull \hbox (10.87488pt too wide) in paragraph at lines 757--759
\OT1/cmtt/m/n/12 www . treasury . gov / press-[]center / press-[]releases / Doc
uments / tg40 _
 []


Overfull \hbox (19.70886pt too wide) in paragraph at lines 765--768
\OT1/cmr/m/n/12 2009. \OT1/cmr/m/it/12 Fed-eral Re-serve doc-u-ment out-lin-ing
 de-sign de-tails of the SCAP.[]$\OT1/cmtt/m/n/12 http :
 []


Overfull \hbox (21.20003pt too wide) in paragraph at lines 775--779
\OT1/cmr/m/it/12 tal.[]$\OT1/cmtt/m/n/12 https : / / www . law . cornell . edu 
/ cfr / text / 12 / part-[]225 / appendix-[]A$[] 
 []


Overfull \hbox (46.9249pt too wide) in paragraph at lines 781--786
\OT1/cmtt/m/n/12 www . gasb . org / jsp / FASB / Document _ C / DocumentPage % 
3Fcid = 1176154545419 %
 []


Overfull \hbox (35.23453pt too wide) in paragraph at lines 793--797
\OT1/cmr/m/it/12 lease an-nounc-ing the SCAP.[]$\OT1/cmtt/m/n/12 http : / / www
 . federalreserve . gov / newsevents /
 []

[17]
Overfull \hbox (31.10017pt too wide) in paragraph at lines 814--817
\OT1/cmr/m/it/12 sults.[]$\OT1/cmtt/m/n/12 https : / / www . treasury . gov / p
ress-[]center / press-[]releases / Pages /
 []


Overfull \hbox (46.05112pt too wide) in paragraph at lines 824--828
\OT1/cmr/m/it/12 test's pro-posed method-ol-ogy.[]$\OT1/cmtt/m/n/12 http : / / 
www . nytimes . com / 2009 / 02 / 26 / business /
 []


Overfull \hbox (15.25291pt too wide) in paragraph at lines 829--835
\OT1/cmr/m/it/12 banks should the test re-sults give poor in-di-ca-tions of the
 banks' health.[]$\OT1/cmtt/m/n/12 http :
 []

[18]
Overfull \hbox (2.55011pt too wide) in paragraph at lines 851--857
\OT1/cmr/m/it/12 ture.[]$\OT1/cmtt/m/n/12 https : / / www . newyorkfed . org / 
medialibrary / media / research /
 []


Overfull \hbox (0.5862pt too wide) in paragraph at lines 865--869
\OT1/cmr/m/it/12 suf-fi-cient as-sets on a con-sol-i-dated ba-sis to be in-clud
e in the SCAP.[]$\OT1/cmtt/m/n/12 http :
 []


Overfull \hbox (4.19987pt too wide) in paragraph at lines 865--869
\OT1/cmtt/m/n/12 / / www . federalreserve . gov / reportforms / forms / FR _ Y-
[]9C20081231 _
 []


Overfull \hbox (9.91977pt too wide) in paragraph at lines 870--874
\OT1/cmr/m/it/12 of TARP.[]$\OT1/cmtt/m/n/12 http : / / www . treasury . gov / 
press-[]center / news / Documents /
 []


Overfull \hbox (3.69987pt too wide) in paragraph at lines 870--874
\OT1/cmtt/m/n/12 TARP % 20Two % 20Year % 20Retrospective _ 10 % 2005 % 2010 _ t
ransmittal %
 []

[19]
Missing character: There is no â in font cmr12!
Missing character: There is no € in font cmr12!
Missing character: There is no ™ in font cmr12!
 [20] [21] [22]
Underfull \hbox (badness 2221) in paragraph at lines 928--928
[][][]\OT1/cmr/m/n/10 SCAP De-sign and Im-ple-men-ta-tion Ex-am-ple:[]$\OT1/cmt
t/m/n/10 http : / / www . federalreserve . gov /
 []

[23]
Package atveryend Info: Empty hook `BeforeClearDocument' on input line 995.
 [24]
Package atveryend Info: Empty hook `AfterLastShipout' on input line 995.
 (./SCAP_v2.aux)
Package atveryend Info: Executing hook `AtVeryEndDocument' on input line 995.
Package atveryend Info: Executing hook `AtEndAfterFileList' on input line 995.
Package rerunfilecheck Info: File `SCAP_v2.out' has not changed.
(rerunfilecheck)             Checksum: 66D251FFC4867376F3D04DE44F1BF5B3;2372.
Package atveryend Info: Empty hook `AtVeryVeryEnd' on input line 995.
 ) 
Here is how much of TeX's memory you used:
 7553 strings out of 493089
 111456 string characters out of 6134842
 202569 words of memory out of 5000000
 10836 multiletter control sequences out of 15000+600000
 15001 words of font info for 58 fonts, out of 8000000 for 9000
 1141 hyphenation exceptions out of 8191
 36i,11n,47p,537b,665s stack positions out of 5000i,500n,10000p,200000b,80000s
</usr/local/texlive/2015/texmf-dist/fonts/type1/public/amsfonts/cm/cmbx10.pfb
></usr/local/texlive/2015/texmf-dist/fonts/type1/public/amsfonts/cm/cmbx12.pfb>
</usr/local/texlive/2015/texmf-dist/fonts/type1/public/amsfonts/cm/cmbx8.pfb></
usr/local/texlive/2015/texmf-dist/fonts/type1/public/amsfonts/cm/cmr10.pfb></us
r/local/texlive/2015/texmf-dist/fonts/type1/public/amsfonts/cm/cmr12.pfb></usr/
local/texlive/2015/texmf-dist/fonts/type1/public/amsfonts/cm/cmr17.pfb></usr/lo
cal/texlive/2015/texmf-dist/fonts/type1/public/amsfonts/cm/cmr7.pfb></usr/local
/texlive/2015/texmf-dist/fonts/type1/public/amsfonts/cm/cmr8.pfb></usr/local/te
xlive/2015/texmf-dist/fonts/type1/public/amsfonts/cm/cmsl12.pfb></usr/local/tex
live/2015/texmf-dist/fonts/type1/public/amsfonts/cm/cmsy10.pfb></usr/local/texl
ive/2015/texmf-dist/fonts/type1/public/amsfonts/cm/cmsy7.pfb></usr/local/texliv
e/2015/texmf-dist/fonts/type1/public/amsfonts/cm/cmti12.pfb></usr/local/texlive
/2015/texmf-dist/fonts/type1/public/amsfonts/cm/cmtt10.pfb></usr/local/texlive/
2015/texmf-dist/fonts/type1/public/amsfonts/cm/cmtt12.pfb>
Output written on SCAP_v2.pdf (24 pages, 241591 bytes).
PDF statistics:
 541 PDF objects out of 1000 (max. 8388607)
 496 compressed objects within 5 object streams
 130 named destinations out of 1000 (max. 500000)
 209 words of extra memory for PDF output out of 10000 (max. 10000000)

